06-20-2016 @ 03:18:34 - Queuing 2.6.0 - wc_update_260_options
06-20-2016 @ 03:18:34 - Queuing 2.6.0 - wc_update_260_termmeta
06-20-2016 @ 03:18:34 - Queuing 2.6.0 - wc_update_260_zones
06-20-2016 @ 03:18:34 - Queuing 2.6.0 - wc_update_260_zone_methods
06-20-2016 @ 03:18:34 - Queuing 2.6.0 - wc_update_260_refunds
06-20-2016 @ 03:18:34 - Queuing 2.6.0 - wc_update_260_db_version
06-20-2016 @ 03:18:35 - Unable to dispatch WooCommerce updater: Operation timed out after 1000 milliseconds with 0 bytes received
06-20-2016 @ 03:18:36 - Running wc_update_260_options callback
06-20-2016 @ 03:18:36 - Finished wc_update_260_options callback
06-20-2016 @ 03:18:36 - Running wc_update_260_termmeta callback
06-20-2016 @ 03:18:36 - Finished wc_update_260_termmeta callback
06-20-2016 @ 03:18:36 - Running wc_update_260_zones callback
06-20-2016 @ 03:18:36 - Finished wc_update_260_zones callback
06-20-2016 @ 03:18:36 - Running wc_update_260_zone_methods callback
06-20-2016 @ 03:18:36 - Finished wc_update_260_zone_methods callback
06-20-2016 @ 03:18:36 - Running wc_update_260_refunds callback
06-20-2016 @ 03:18:36 - Finished wc_update_260_refunds callback
06-20-2016 @ 03:18:36 - Running wc_update_260_db_version callback
06-20-2016 @ 03:18:36 - Finished wc_update_260_db_version callback
06-20-2016 @ 03:18:36 - Data update complete
